1576038863056	mozrunner::runner	INFO	Running command: "/Applications/Firefox.app/Contents/MacOS/firefox" "-marionette" "-foreground" "-no-remote" "-profile" "/var/folders/mv/dm5x8s9s6mn1197m6ng4547h0000gn/T/rust_mozprofile.KpvVpNZwHcPo"
1576038863966	addons.webextension.screenshots@mozilla.org	WARN	Loading extension 'screenshots@mozilla.org': Reading manifest: Invalid extension permission: mozillaAddons
1576038863967	addons.webextension.screenshots@mozilla.org	WARN	Loading extension 'screenshots@mozilla.org': Reading manifest: Invalid extension permission: telemetry
1576038863967	addons.webextension.screenshots@mozilla.org	WARN	Loading extension 'screenshots@mozilla.org': Reading manifest: Invalid extension permission: resource://pdf.js/
1576038863967	addons.webextension.screenshots@mozilla.org	WARN	Loading extension 'screenshots@mozilla.org': Reading manifest: Invalid extension permission: about:reader*
1576038866339	Marionette	INFO	Listening on port 59338
1576038866439	Marionette	WARN	TLS certificate errors will be ignored for this session
1576038918382	mozrunner::runner	INFO	Running command: "/Applications/Firefox.app/Contents/MacOS/firefox" "-marionette" "-foreground" "-no-remote" "-profile" "/var/folders/mv/dm5x8s9s6mn1197m6ng4547h0000gn/T/rust_mozprofile.iK5ESgvUhWXH"
1576038918900	addons.webextension.screenshots@mozilla.org	WARN	Loading extension 'screenshots@mozilla.org': Reading manifest: Invalid extension permission: mozillaAddons
1576038918900	addons.webextension.screenshots@mozilla.org	WARN	Loading extension 'screenshots@mozilla.org': Reading manifest: Invalid extension permission: telemetry
1576038918900	addons.webextension.screenshots@mozilla.org	WARN	Loading extension 'screenshots@mozilla.org': Reading manifest: Invalid extension permission: resource://pdf.js/
1576038918900	addons.webextension.screenshots@mozilla.org	WARN	Loading extension 'screenshots@mozilla.org': Reading manifest: Invalid extension permission: about:reader*
1576038920744	Marionette	INFO	Listening on port 59427
1576038920824	Marionette	WARN	TLS certificate errors will be ignored for this session
1576039004173	mozrunner::runner	INFO	Running command: "/Applications/Firefox.app/Contents/MacOS/firefox" "-marionette" "-foreground" "-no-remote" "-profile" "/var/folders/mv/dm5x8s9s6mn1197m6ng4547h0000gn/T/rust_mozprofile.i4GZRQvDSw6u"
1576039004795	addons.webextension.screenshots@mozilla.org	WARN	Loading extension 'screenshots@mozilla.org': Reading manifest: Invalid extension permission: mozillaAddons
1576039004795	addons.webextension.screenshots@mozilla.org	WARN	Loading extension 'screenshots@mozilla.org': Reading manifest: Invalid extension permission: telemetry
1576039004796	addons.webextension.screenshots@mozilla.org	WARN	Loading extension 'screenshots@mozilla.org': Reading manifest: Invalid extension permission: resource://pdf.js/
1576039004796	addons.webextension.screenshots@mozilla.org	WARN	Loading extension 'screenshots@mozilla.org': Reading manifest: Invalid extension permission: about:reader*
1576039007115	Marionette	INFO	Listening on port 59520
1576039007142	Marionette	WARN	TLS certificate errors will be ignored for this session
1576039147735	mozrunner::runner	INFO	Running command: "/Applications/Firefox.app/Contents/MacOS/firefox" "-marionette" "-foreground" "-no-remote" "-profile" "/var/folders/mv/dm5x8s9s6mn1197m6ng4547h0000gn/T/rust_mozprofile.c8cDhGGRTKSB"
1576039148237	addons.webextension.screenshots@mozilla.org	WARN	Loading extension 'screenshots@mozilla.org': Reading manifest: Invalid extension permission: mozillaAddons
1576039148237	addons.webextension.screenshots@mozilla.org	WARN	Loading extension 'screenshots@mozilla.org': Reading manifest: Invalid extension permission: telemetry
1576039148237	addons.webextension.screenshots@mozilla.org	WARN	Loading extension 'screenshots@mozilla.org': Reading manifest: Invalid extension permission: resource://pdf.js/
1576039148237	addons.webextension.screenshots@mozilla.org	WARN	Loading extension 'screenshots@mozilla.org': Reading manifest: Invalid extension permission: about:reader*
1576039150144	Marionette	INFO	Listening on port 59640
1576039150191	Marionette	WARN	TLS certificate errors will be ignored for this session
1576039198870	mozrunner::runner	INFO	Running command: "/Applications/Firefox.app/Contents/MacOS/firefox" "-marionette" "-foreground" "-no-remote" "-profile" "/var/folders/mv/dm5x8s9s6mn1197m6ng4547h0000gn/T/rust_mozprofile.dnDHpzPwEKdG"
1576039199349	addons.webextension.screenshots@mozilla.org	WARN	Loading extension 'screenshots@mozilla.org': Reading manifest: Invalid extension permission: mozillaAddons
1576039199349	addons.webextension.screenshots@mozilla.org	WARN	Loading extension 'screenshots@mozilla.org': Reading manifest: Invalid extension permission: telemetry
1576039199350	addons.webextension.screenshots@mozilla.org	WARN	Loading extension 'screenshots@mozilla.org': Reading manifest: Invalid extension permission: resource://pdf.js/
1576039199350	addons.webextension.screenshots@mozilla.org	WARN	Loading extension 'screenshots@mozilla.org': Reading manifest: Invalid extension permission: about:reader*
1576039201279	Marionette	INFO	Listening on port 59723
1576039201330	Marionette	WARN	TLS certificate errors will be ignored for this session
1576039206159	Marionette	INFO	Stopped listening on port 59723
1576039268903	mozrunner::runner	INFO	Running command: "/Applications/Firefox.app/Contents/MacOS/firefox" "-marionette" "-foreground" "-no-remote" "-profile" "/var/folders/mv/dm5x8s9s6mn1197m6ng4547h0000gn/T/rust_mozprofile.9rvD7xbhQ0h8"
1576039269396	addons.webextension.screenshots@mozilla.org	WARN	Loading extension 'screenshots@mozilla.org': Reading manifest: Invalid extension permission: mozillaAddons
1576039269396	addons.webextension.screenshots@mozilla.org	WARN	Loading extension 'screenshots@mozilla.org': Reading manifest: Invalid extension permission: telemetry
1576039269396	addons.webextension.screenshots@mozilla.org	WARN	Loading extension 'screenshots@mozilla.org': Reading manifest: Invalid extension permission: resource://pdf.js/
1576039269397	addons.webextension.screenshots@mozilla.org	WARN	Loading extension 'screenshots@mozilla.org': Reading manifest: Invalid extension permission: about:reader*
1576039271449	Marionette	INFO	Listening on port 59816
1576039271548	Marionette	WARN	TLS certificate errors will be ignored for this session
1576039275851	Marionette	INFO	Stopped listening on port 59816
1576039485524	mozrunner::runner	INFO	Running command: "/Applications/Firefox.app/Contents/MacOS/firefox" "-marionette" "-foreground" "-no-remote" "-profile" "/var/folders/mv/dm5x8s9s6mn1197m6ng4547h0000gn/T/rust_mozprofile.foX8XY4wEfZF"
1576039486108	addons.webextension.screenshots@mozilla.org	WARN	Loading extension 'screenshots@mozilla.org': Reading manifest: Invalid extension permission: mozillaAddons
1576039486108	addons.webextension.screenshots@mozilla.org	WARN	Loading extension 'screenshots@mozilla.org': Reading manifest: Invalid extension permission: telemetry
1576039486108	addons.webextension.screenshots@mozilla.org	WARN	Loading extension 'screenshots@mozilla.org': Reading manifest: Invalid extension permission: resource://pdf.js/
1576039486108	addons.webextension.screenshots@mozilla.org	WARN	Loading extension 'screenshots@mozilla.org': Reading manifest: Invalid extension permission: about:reader*
1576039488069	Marionette	INFO	Listening on port 59997
1576039488167	Marionette	WARN	TLS certificate errors will be ignored for this session
1576039489106	Marionette	INFO	Stopped listening on port 59427
1576039490837	Marionette	INFO	Stopped listening on port 59520
1576039493213	Marionette	INFO	Stopped listening on port 59640
1576039493686	Marionette	INFO	Stopped listening on port 59997
1576039530827	mozrunner::runner	INFO	Running command: "/Applications/Firefox.app/Contents/MacOS/firefox" "-marionette" "-foreground" "-no-remote" "-profile" "/var/folders/mv/dm5x8s9s6mn1197m6ng4547h0000gn/T/rust_mozprofile.2fuD2dIFyzmu"
1576039531303	addons.webextension.screenshots@mozilla.org	WARN	Loading extension 'screenshots@mozilla.org': Reading manifest: Invalid extension permission: mozillaAddons
1576039531303	addons.webextension.screenshots@mozilla.org	WARN	Loading extension 'screenshots@mozilla.org': Reading manifest: Invalid extension permission: telemetry
1576039531303	addons.webextension.screenshots@mozilla.org	WARN	Loading extension 'screenshots@mozilla.org': Reading manifest: Invalid extension permission: resource://pdf.js/
1576039531303	addons.webextension.screenshots@mozilla.org	WARN	Loading extension 'screenshots@mozilla.org': Reading manifest: Invalid extension permission: about:reader*
1576039533266	Marionette	INFO	Listening on port 60089
1576039533289	Marionette	WARN	TLS certificate errors will be ignored for this session
1576039537324	Marionette	INFO	Stopped listening on port 60089
1576039678361	mozrunner::runner	INFO	Running command: "/Applications/Firefox.app/Contents/MacOS/firefox" "-marionette" "-foreground" "-no-remote" "-profile" "/var/folders/mv/dm5x8s9s6mn1197m6ng4547h0000gn/T/rust_mozprofile.0RMfWMBmbY91"
1576039678865	addons.webextension.screenshots@mozilla.org	WARN	Loading extension 'screenshots@mozilla.org': Reading manifest: Invalid extension permission: mozillaAddons
1576039678865	addons.webextension.screenshots@mozilla.org	WARN	Loading extension 'screenshots@mozilla.org': Reading manifest: Invalid extension permission: telemetry
1576039678865	addons.webextension.screenshots@mozilla.org	WARN	Loading extension 'screenshots@mozilla.org': Reading manifest: Invalid extension permission: resource://pdf.js/
1576039678865	addons.webextension.screenshots@mozilla.org	WARN	Loading extension 'screenshots@mozilla.org': Reading manifest: Invalid extension permission: about:reader*
1576039680768	Marionette	INFO	Listening on port 60208
1576039680821	Marionette	WARN	TLS certificate errors will be ignored for this session
1576039911655	mozrunner::runner	INFO	Running command: "/Applications/Firefox.app/Contents/MacOS/firefox" "-marionette" "-foreground" "-no-remote" "-profile" "/var/folders/mv/dm5x8s9s6mn1197m6ng4547h0000gn/T/rust_mozprofile.x8XGpsa5gHaR"
1576039912174	addons.webextension.screenshots@mozilla.org	WARN	Loading extension 'screenshots@mozilla.org': Reading manifest: Invalid extension permission: mozillaAddons
1576039912174	addons.webextension.screenshots@mozilla.org	WARN	Loading extension 'screenshots@mozilla.org': Reading manifest: Invalid extension permission: telemetry
1576039912174	addons.webextension.screenshots@mozilla.org	WARN	Loading extension 'screenshots@mozilla.org': Reading manifest: Invalid extension permission: resource://pdf.js/
1576039912174	addons.webextension.screenshots@mozilla.org	WARN	Loading extension 'screenshots@mozilla.org': Reading manifest: Invalid extension permission: about:reader*
1576039914094	Marionette	INFO	Listening on port 60363
1576039914110	Marionette	WARN	TLS certificate errors will be ignored for this session
1576039918601	Marionette	INFO	Stopped listening on port 60363
1576039940361	mozrunner::runner	INFO	Running command: "/Applications/Firefox.app/Contents/MacOS/firefox" "-marionette" "-foreground" "-no-remote" "-profile" "/var/folders/mv/dm5x8s9s6mn1197m6ng4547h0000gn/T/rust_mozprofile.f9VGPZJzBZfr"
1576039940844	addons.webextension.screenshots@mozilla.org	WARN	Loading extension 'screenshots@mozilla.org': Reading manifest: Invalid extension permission: mozillaAddons
1576039940844	addons.webextension.screenshots@mozilla.org	WARN	Loading extension 'screenshots@mozilla.org': Reading manifest: Invalid extension permission: telemetry
1576039940844	addons.webextension.screenshots@mozilla.org	WARN	Loading extension 'screenshots@mozilla.org': Reading manifest: Invalid extension permission: resource://pdf.js/
1576039940844	addons.webextension.screenshots@mozilla.org	WARN	Loading extension 'screenshots@mozilla.org': Reading manifest: Invalid extension permission: about:reader*
1576039942912	Marionette	INFO	Listening on port 60442
1576039943015	Marionette	WARN	TLS certificate errors will be ignored for this session
1576039947048	Marionette	INFO	Stopped listening on port 60442
1576039968444	mozrunner::runner	INFO	Running command: "/Applications/Firefox.app/Contents/MacOS/firefox" "-marionette" "-foreground" "-no-remote" "-profile" "/var/folders/mv/dm5x8s9s6mn1197m6ng4547h0000gn/T/rust_mozprofile.sZ9UsJuCu7Gw"
1576039968964	addons.webextension.screenshots@mozilla.org	WARN	Loading extension 'screenshots@mozilla.org': Reading manifest: Invalid extension permission: mozillaAddons
1576039968964	addons.webextension.screenshots@mozilla.org	WARN	Loading extension 'screenshots@mozilla.org': Reading manifest: Invalid extension permission: telemetry
1576039968964	addons.webextension.screenshots@mozilla.org	WARN	Loading extension 'screenshots@mozilla.org': Reading manifest: Invalid extension permission: resource://pdf.js/
1576039968964	addons.webextension.screenshots@mozilla.org	WARN	Loading extension 'screenshots@mozilla.org': Reading manifest: Invalid extension permission: about:reader*
1576039970788	Marionette	INFO	Listening on port 60523
1576039970800	Marionette	WARN	TLS certificate errors will be ignored for this session
1576039974900	Marionette	INFO	Stopped listening on port 60523
1576039996421	mozrunner::runner	INFO	Running command: "/Applications/Firefox.app/Contents/MacOS/firefox" "-marionette" "-foreground" "-no-remote" "-profile" "/var/folders/mv/dm5x8s9s6mn1197m6ng4547h0000gn/T/rust_mozprofile.XwcDWHmP6msM"
1576039996887	addons.webextension.screenshots@mozilla.org	WARN	Loading extension 'screenshots@mozilla.org': Reading manifest: Invalid extension permission: mozillaAddons
1576039996887	addons.webextension.screenshots@mozilla.org	WARN	Loading extension 'screenshots@mozilla.org': Reading manifest: Invalid extension permission: telemetry
1576039996887	addons.webextension.screenshots@mozilla.org	WARN	Loading extension 'screenshots@mozilla.org': Reading manifest: Invalid extension permission: resource://pdf.js/
1576039996887	addons.webextension.screenshots@mozilla.org	WARN	Loading extension 'screenshots@mozilla.org': Reading manifest: Invalid extension permission: about:reader*
1576039998842	Marionette	INFO	Listening on port 60601
1576039998853	Marionette	WARN	TLS certificate errors will be ignored for this session
1576040002918	Marionette	INFO	Stopped listening on port 60601
1576040028690	mozrunner::runner	INFO	Running command: "/Applications/Firefox.app/Contents/MacOS/firefox" "-marionette" "-foreground" "-no-remote" "-profile" "/var/folders/mv/dm5x8s9s6mn1197m6ng4547h0000gn/T/rust_mozprofile.8X3nUWjGkZP8"
1576040029213	addons.webextension.screenshots@mozilla.org	WARN	Loading extension 'screenshots@mozilla.org': Reading manifest: Invalid extension permission: mozillaAddons
1576040029213	addons.webextension.screenshots@mozilla.org	WARN	Loading extension 'screenshots@mozilla.org': Reading manifest: Invalid extension permission: telemetry
1576040029213	addons.webextension.screenshots@mozilla.org	WARN	Loading extension 'screenshots@mozilla.org': Reading manifest: Invalid extension permission: resource://pdf.js/
1576040029213	addons.webextension.screenshots@mozilla.org	WARN	Loading extension 'screenshots@mozilla.org': Reading manifest: Invalid extension permission: about:reader*
1576040031278	Marionette	INFO	Listening on port 60673
1576040031353	Marionette	WARN	TLS certificate errors will be ignored for this session
1576040035190	Marionette	INFO	Stopped listening on port 60673
1576040067199	mozrunner::runner	INFO	Running command: "/Applications/Firefox.app/Contents/MacOS/firefox" "-marionette" "-foreground" "-no-remote" "-profile" "/var/folders/mv/dm5x8s9s6mn1197m6ng4547h0000gn/T/rust_mozprofile.bIsJ7bd9xw5c"
1576040067742	addons.webextension.screenshots@mozilla.org	WARN	Loading extension 'screenshots@mozilla.org': Reading manifest: Invalid extension permission: mozillaAddons
1576040067742	addons.webextension.screenshots@mozilla.org	WARN	Loading extension 'screenshots@mozilla.org': Reading manifest: Invalid extension permission: telemetry
1576040067742	addons.webextension.screenshots@mozilla.org	WARN	Loading extension 'screenshots@mozilla.org': Reading manifest: Invalid extension permission: resource://pdf.js/
1576040067742	addons.webextension.screenshots@mozilla.org	WARN	Loading extension 'screenshots@mozilla.org': Reading manifest: Invalid extension permission: about:reader*
1576040069519	Marionette	INFO	Listening on port 60754
1576040069550	Marionette	WARN	TLS certificate errors will be ignored for this session
1576040073892	Marionette	INFO	Stopped listening on port 60754
1576040138703	mozrunner::runner	INFO	Running command: "/Applications/Firefox.app/Contents/MacOS/firefox" "-marionette" "-foreground" "-no-remote" "-profile" "/var/folders/mv/dm5x8s9s6mn1197m6ng4547h0000gn/T/rust_mozprofile.IG0XUeLT5cUS"
1576040139164	addons.webextension.screenshots@mozilla.org	WARN	Loading extension 'screenshots@mozilla.org': Reading manifest: Invalid extension permission: mozillaAddons
1576040139164	addons.webextension.screenshots@mozilla.org	WARN	Loading extension 'screenshots@mozilla.org': Reading manifest: Invalid extension permission: telemetry
1576040139164	addons.webextension.screenshots@mozilla.org	WARN	Loading extension 'screenshots@mozilla.org': Reading manifest: Invalid extension permission: resource://pdf.js/
1576040139164	addons.webextension.screenshots@mozilla.org	WARN	Loading extension 'screenshots@mozilla.org': Reading manifest: Invalid extension permission: about:reader*
1576040141010	Marionette	INFO	Listening on port 60834
1576040141061	Marionette	WARN	TLS certificate errors will be ignored for this session
1576040145335	Marionette	INFO	Stopped listening on port 60834
1576040157309	mozrunner::runner	INFO	Running command: "/Applications/Firefox.app/Contents/MacOS/firefox" "-marionette" "-foreground" "-no-remote" "-profile" "/var/folders/mv/dm5x8s9s6mn1197m6ng4547h0000gn/T/rust_mozprofile.cWbpJmm8q1Vb"
1576040157869	addons.webextension.screenshots@mozilla.org	WARN	Loading extension 'screenshots@mozilla.org': Reading manifest: Invalid extension permission: mozillaAddons
1576040157869	addons.webextension.screenshots@mozilla.org	WARN	Loading extension 'screenshots@mozilla.org': Reading manifest: Invalid extension permission: telemetry
1576040157869	addons.webextension.screenshots@mozilla.org	WARN	Loading extension 'screenshots@mozilla.org': Reading manifest: Invalid extension permission: resource://pdf.js/
1576040157869	addons.webextension.screenshots@mozilla.org	WARN	Loading extension 'screenshots@mozilla.org': Reading manifest: Invalid extension permission: about:reader*
1576040159794	Marionette	INFO	Listening on port 60912
1576040159856	Marionette	WARN	TLS certificate errors will be ignored for this session
1576040163791	Marionette	INFO	Stopped listening on port 60912
1576040270185	mozrunner::runner	INFO	Running command: "/Applications/Firefox.app/Contents/MacOS/firefox" "-marionette" "-foreground" "-no-remote" "-profile" "/var/folders/mv/dm5x8s9s6mn1197m6ng4547h0000gn/T/rust_mozprofile.6YRh46T0Dm5t"
1576040270674	addons.webextension.screenshots@mozilla.org	WARN	Loading extension 'screenshots@mozilla.org': Reading manifest: Invalid extension permission: mozillaAddons
1576040270674	addons.webextension.screenshots@mozilla.org	WARN	Loading extension 'screenshots@mozilla.org': Reading manifest: Invalid extension permission: telemetry
1576040270674	addons.webextension.screenshots@mozilla.org	WARN	Loading extension 'screenshots@mozilla.org': Reading manifest: Invalid extension permission: resource://pdf.js/
1576040270674	addons.webextension.screenshots@mozilla.org	WARN	Loading extension 'screenshots@mozilla.org': Reading manifest: Invalid extension permission: about:reader*
1576040272601	Marionette	INFO	Listening on port 61012
1576040272660	Marionette	WARN	TLS certificate errors will be ignored for this session
1576040305096	Marionette	INFO	Stopped listening on port 60208
1576040307120	Marionette	INFO	Stopped listening on port 61012
1576040336952	mozrunner::runner	INFO	Running command: "/Applications/Firefox.app/Contents/MacOS/firefox" "-marionette" "-foreground" "-no-remote" "-profile" "/var/folders/mv/dm5x8s9s6mn1197m6ng4547h0000gn/T/rust_mozprofile.n4YhUHwIF8cN"
1576040337452	addons.webextension.screenshots@mozilla.org	WARN	Loading extension 'screenshots@mozilla.org': Reading manifest: Invalid extension permission: mozillaAddons
1576040337452	addons.webextension.screenshots@mozilla.org	WARN	Loading extension 'screenshots@mozilla.org': Reading manifest: Invalid extension permission: telemetry
1576040337452	addons.webextension.screenshots@mozilla.org	WARN	Loading extension 'screenshots@mozilla.org': Reading manifest: Invalid extension permission: resource://pdf.js/
1576040337453	addons.webextension.screenshots@mozilla.org	WARN	Loading extension 'screenshots@mozilla.org': Reading manifest: Invalid extension permission: about:reader*
1576040339322	Marionette	INFO	Listening on port 61086
1576040339395	Marionette	WARN	TLS certificate errors will be ignored for this session
1576040377764	mozrunner::runner	INFO	Running command: "/Applications/Firefox.app/Contents/MacOS/firefox" "-marionette" "-foreground" "-no-remote" "-profile" "/var/folders/mv/dm5x8s9s6mn1197m6ng4547h0000gn/T/rust_mozprofile.4VNae5iurWWJ"
1576040378245	addons.webextension.screenshots@mozilla.org	WARN	Loading extension 'screenshots@mozilla.org': Reading manifest: Invalid extension permission: mozillaAddons
1576040378245	addons.webextension.screenshots@mozilla.org	WARN	Loading extension 'screenshots@mozilla.org': Reading manifest: Invalid extension permission: telemetry
1576040378245	addons.webextension.screenshots@mozilla.org	WARN	Loading extension 'screenshots@mozilla.org': Reading manifest: Invalid extension permission: resource://pdf.js/
1576040378245	addons.webextension.screenshots@mozilla.org	WARN	Loading extension 'screenshots@mozilla.org': Reading manifest: Invalid extension permission: about:reader*
1576040380167	Marionette	INFO	Listening on port 61159
1576040380213	Marionette	WARN	TLS certificate errors will be ignored for this session
1576040998416	Marionette	INFO	Stopped listening on port 61086
1576041000207	Marionette	INFO	Stopped listening on port 61159
1576041004380	mozrunner::runner	INFO	Running command: "/Applications/Firefox.app/Contents/MacOS/firefox" "-marionette" "-foreground" "-no-remote" "-profile" "/var/folders/mv/dm5x8s9s6mn1197m6ng4547h0000gn/T/rust_mozprofile.Y1PSm0TZ2Dne"
1576041004889	addons.webextension.screenshots@mozilla.org	WARN	Loading extension 'screenshots@mozilla.org': Reading manifest: Invalid extension permission: mozillaAddons
1576041004889	addons.webextension.screenshots@mozilla.org	WARN	Loading extension 'screenshots@mozilla.org': Reading manifest: Invalid extension permission: telemetry
1576041004889	addons.webextension.screenshots@mozilla.org	WARN	Loading extension 'screenshots@mozilla.org': Reading manifest: Invalid extension permission: resource://pdf.js/
1576041004889	addons.webextension.screenshots@mozilla.org	WARN	Loading extension 'screenshots@mozilla.org': Reading manifest: Invalid extension permission: about:reader*
1576041006698	Marionette	INFO	Listening on port 61345
1576041006728	Marionette	WARN	TLS certificate errors will be ignored for this session
1576041025130	Marionette	INFO	Stopped listening on port 61345
1576041169093	mozrunner::runner	INFO	Running command: "/Applications/Firefox.app/Contents/MacOS/firefox" "-marionette" "-foreground" "-no-remote" "-profile" "/var/folders/mv/dm5x8s9s6mn1197m6ng4547h0000gn/T/rust_mozprofile.DThNXw7LmZzH"
1576041169549	addons.webextension.screenshots@mozilla.org	WARN	Loading extension 'screenshots@mozilla.org': Reading manifest: Invalid extension permission: mozillaAddons
1576041169549	addons.webextension.screenshots@mozilla.org	WARN	Loading extension 'screenshots@mozilla.org': Reading manifest: Invalid extension permission: telemetry
1576041169549	addons.webextension.screenshots@mozilla.org	WARN	Loading extension 'screenshots@mozilla.org': Reading manifest: Invalid extension permission: resource://pdf.js/
1576041169549	addons.webextension.screenshots@mozilla.org	WARN	Loading extension 'screenshots@mozilla.org': Reading manifest: Invalid extension permission: about:reader*
1576041171400	Marionette	INFO	Listening on port 61458
1576041171453	Marionette	WARN	TLS certificate errors will be ignored for this session
JavaScript error: https://tracker.smartseminar.jp/static/js/cam3.js?_=1576041181645, line 1: TypeError: e[lt].q is undefined
JavaScript warning: https://conias.jp/wp/wp-content/themes/conias/js/jquery-1.9.1.min.js, line 2: Using //@ to indicate sourceMappingURL pragmas is deprecated. Use //# instead
JavaScript warning: https://ajax.googleapis.com/ajax/libs/jquery/1.10.2/jquery.min.js, line 2: Using //@ to indicate sourceMappingURL pragmas is deprecated. Use //# instead
JavaScript error: https://maps.googleapis.com/maps/api/js?key=AIzaSyCC-D8l4Zl8LKkx_9DNOlKGPvhKHNRtR_Q&callback=shopcounter.space_map.marker, line 142: TypeError: a is null
JavaScript warning: https://chura58.net/lp.min.js, line 1: unreachable code after return statement
JavaScript warning: https://chura58.net/lp.min.js, line 1: unreachable code after return statement
JavaScript error: https://shop.newbalance.jp/js/common_pc.js?20191205, line 380: TypeError: jQuery(...).magnificPopup is not a function
JavaScript error: https://andhabit.com/js/instafeed.min.js, line 2: Error: Error from Instagram: The access_token provided is invalid.
JavaScript warning: https://ajax.googleapis.com/ajax/libs/jquery/1.10.2/jquery.min.js, line 2: Using //@ to indicate sourceMappingURL pragmas is deprecated. Use //# instead
JavaScript error: https://kozukablades.com/js/all.js, line 277: TypeError: $(...).localScroll is not a function
JavaScript warning: http://ajax.googleapis.com/ajax/libs/jquery/1.10.2/jquery.min.js, line 2: Using //@ to indicate sourceMappingURL pragmas is deprecated. Use //# instead
JavaScript warning: http://ekr.chosunonline.com/js/jquery-1.9.1.min.js, line 2: Using //@ to indicate sourceMappingURL pragmas is deprecated. Use //# instead
JavaScript warning: http://ekr.chosunonline.com/js/jquery-1.9.1.min.js, line 2: Using //@ to indicate sourceMappingURL pragmas is deprecated. Use //# instead
JavaScript warning: http://ekr.chosunonline.com/js/jquery-1.9.1.min.js, line 2: Using //@ to indicate sourceMappingURL pragmas is deprecated. Use //# instead
JavaScript error: https://www.zaikei.co.jp/common2/js/toppage1.1.js?ver=1.4, line 98: TypeError: $(...).scrollable is not a function
JavaScript error: https://ore.wsj.net/fp/cdn/fp/assets/a247027aff7afcde490d/JapanHP.js, line 1: Error: Minified exception occurred; use the non-minified dev environment for the full error message and additional helpful warnings.
JavaScript error: https://scdn.cxense.com/cx.js, line 3: TypeError: object is null
JavaScript warning: https://static.adsafeprotected.com/sca.17.4.95.js, line 32: Array.slice is deprecated; use Array.prototype.slice instead
JavaScript error: https://www.nikkei.com/.resources/tracking/static/atlas/atj.min.rev-fcc89f.js, line 1: SecurityError: Permission denied to access property "dispatchEvent" on cross-origin object
JavaScript warning: https://www.tokyo-np.co.jp/js/lib/jquery-1.3.min.js, line 19: unreachable code after return statement
JavaScript error: https://www.tokyo-np.co.jp/js/news_flash.js, line 35: TypeError: data is undefined
JavaScript error: https://img.ak.impact-ad.jp/ic/pone/commonjs/monet.js?act=DI&c1=d&c2=m1&c3=&c4=&c5=37598&c6=106773&c7=&c8=&c9=yieldone_43919&c10=859758&c11=970x250&c12=73c83441-bbe8-47b0-b3b5-2d1d512d6760&c13=yieldone&c14=www.tokyo-np.co.jp&c15=https%3A%2F%2Fwww.tokyo-np.co.jp%2F&ic=4-w6rvTXAelZaZcVMqAs-THWxoWGeLVxHMJCa-g-aaI94QLohHUragx8.1-.VhPn3pdJ1SCl9XIDOkcLCx9doBpr5Ni68Bov4G9gTv9XvaZgO2qbDhuv0704xzPtIpISu7Knmxx2ZulZLQqlKe9gQ7PmtbG-eb.3jgDe1L25lzNdbi245A4uratrSmEuafYzhQfZDnGszLZwCh1WTgyaU1GuLQZphBt6lD9F7krOxStlsTtcQHQwQEhfMl2HGSGqOGyuwWNl75mIbpx1BRsUHqBUG885LMwnNpCDFamNuPu1lpISJisjO0ii8bgpMY3ZlvgcXFb1lVduGZ7VDmGU-uk9J1eeMO0wTVNePv9YIE-0ayD1hLVqJjA9rYnYwvREJXwQVIBIIFSxJZqtIzry5Y.ORlZuiX0ElogPbHAVL3mxVSStcgYMROa4eJ2a43rUuXHYgScxgKu6wORCYUPtJSt4Ax-xvfEmZZUIOsQzbaBVNwlXhkCPlgYcNBMHWmXxLtbU3uBOs2vUney3JS7oAbTsHMm1.abkP0MsEEwZK4H4I5LH6teSSsVHX02CjyW73h-16YN2I34vulmemO18h8BCgJd-JDcIqc0U8sjN69VzmCEjEllhiMe-wJCvVUs6kw3YyDdUm2Id7LxeQmtJg0LBJ-E4bJBLdhm9D68AY1Ofuu4mkSXOaE9OyZDk6RdZuz3dap8e0RuY2SxYMKYVcxG-o89MA.4jFktXUTflsQMVoAdZnw3jInHtvfAudZ2uddVzYz1fQWz4xNcXMZEPq7SanxGN0XCoiu0Lo1Hvz05Cz.vQmRRH32G9LWpK32gXeDZhCCYvHQxXivkOx4DUhojKSXeIFO2uxq17V1lJauOkX186kSLduptJYvoAT-14qgev5XNs8XhceoflEmtdBaeDRumIB512oFdSHtMnfVht8j6lsC8rk.JDKZu85aGgQkH7bfz5zrQseRls1cfjw1M0p92M.HX6PYgKqTZA2xvFypjK4zOSGFm45tkwM1WBvjMy9YWBp64boogdsgrG0GE6, line 245: NS_ERROR_FAILURE: 
JavaScript error: https://img.ak.impact-ad.jp/ic/pone/commonjs/monet.js?act=DI&c1=d&c2=m1&c3=&c4=&c5=37598&c6=106773&c7=&c8=&c9=yieldone_43919&c10=859758&c11=970x250&c12=73c83441-bbe8-47b0-b3b5-2d1d512d6760&c13=yieldone&c14=www.tokyo-np.co.jp&c15=https%3A%2F%2Fwww.tokyo-np.co.jp%2F&ic=4-w6rvTXAelZaZcVMqAs-THWxoWGeLVxHMJCa-g-aaI94QLohHUragx8.1-.VhPn3pdJ1SCl9XIDOkcLCx9doBpr5Ni68Bov4G9gTv9XvaZgO2qbDhuv0704xzPtIpISu7Knmxx2ZulZLQqlKe9gQ7PmtbG-eb.3jgDe1L25lzNdbi245A4uratrSmEuafYzhQfZDnGszLZwCh1WTgyaU1GuLQZphBt6lD9F7krOxStlsTtcQHQwQEhfMl2HGSGqOGyuwWNl75mIbpx1BRsUHqBUG885LMwnNpCDFamNuPu1lpISJisjO0ii8bgpMY3ZlvgcXFb1lVduGZ7VDmGU-uk9J1eeMO0wTVNePv9YIE-0ayD1hLVqJjA9rYnYwvREJXwQVIBIIFSxJZqtIzry5Y.ORlZuiX0ElogPbHAVL3mxVSStcgYMROa4eJ2a43rUuXHYgScxgKu6wORCYUPtJSt4Ax-xvfEmZZUIOsQzbaBVNwlXhkCPlgYcNBMHWmXxLtbU3uBOs2vUney3JS7oAbTsHMm1.abkP0MsEEwZK4H4I5LH6teSSsVHX02CjyW73h-16YN2I34vulmemO18h8BCgJd-JDcIqc0U8sjN69VzmCEjEllhiMe-wJCvVUs6kw3YyDdUm2Id7LxeQmtJg0LBJ-E4bJBLdhm9D68AY1Ofuu4mkSXOaE9OyZDk6RdZuz3dap8e0RuY2SxYMKYVcxG-o89MA.4jFktXUTflsQMVoAdZnw3jInHtvfAudZ2uddVzYz1fQWz4xNcXMZEPq7SanxGN0XCoiu0Lo1Hvz05Cz.vQmRRH32G9LWpK32gXeDZhCCYvHQxXivkOx4DUhojKSXeIFO2uxq17V1lJauOkX186kSLduptJYvoAT-14qgev5XNs8XhceoflEmtdBaeDRumIB512oFdSHtMnfVht8j6lsC8rk.JDKZu85aGgQkH7bfz5zrQseRls1cfjw1M0p92M.HX6PYgKqTZA2xvFypjK4zOSGFm45tkwM1WBvjMy9YWBp64boogdsgrG0GE6, line 245: NS_ERROR_FAILURE: 
JavaScript warning: http://otani.or.jp/common/js/jquery.min.js, line 2: Using //@ to indicate sourceMappingURL pragmas is deprecated. Use //# instead
JavaScript warning: http://ginnan-style.info/wp-content/themes/ginnan/js/jquery-1.9.0.min.js, line 4: Using //@ to indicate sourceMappingURL pragmas is deprecated. Use //# instead
JavaScript error: http://ginnan-style.info/wp-content/themes/ginnan/js/flexibility.js, line 1: TypeError: document.attachEvent is not a function
JavaScript warning: https://mbs-housing.com/js/jquery.rwdImageMaps.min.js, line 2: Using //@ to indicate sourceMappingURL pragmas is deprecated. Use //# instead
JavaScript error: http://www.nankaifd.co.jp/, line 110: ReferenceError: ヴェリテ堺七道 is not defined
_RegisterApplication(), FAILED TO establish the default connection to the WindowServer, _CGSDefaultConnection() is NULL.
[Child 4748, MediaDecoderStateMachine #1] WARNING: Decoder=14ae7a400 Decode error: NS_ERROR_DOM_MEDIA_FATAL_ERR (0x806e0005) - RefPtr<MediaSourceTrackDemuxer::SamplesPromise> mozilla::MediaSourceTrackDemuxer::DoGetSamples(int32_t): manager is detached.: file /builds/worker/workspace/build/src/dom/media/MediaDecoderStateMachine.cpp, line 3309
[Child 4748, MediaDecoderStateMachine #1] WARNING: Decoder=14ae7a400 Decode error: NS_ERROR_DOM_MEDIA_FATAL_ERR (0x806e0005) - RefPtr<MediaSourceTrackDemuxer::SamplesPromise> mozilla::MediaSourceTrackDemuxer::DoGetSamples(int32_t): manager is detached.: file /builds/worker/workspace/build/src/dom/media/MediaDecoderStateMachine.cpp, line 3309
JavaScript error: https://www.yokohama-cu.ac.jp/js/instafeed.min.js, line 2: Error: Error from Instagram: The access_token provided is invalid.
Exiting due to channel error.
[GFX1-]: Receive IPC close with reason=AbnormalShutdown
Exiting due to channel error.
Exiting due to channel error.
